<?xml version="1.0" encoding="UTF-8"?>
<testng-results ignored="0" total="1" passed="1" failed="0" skipped="0">
  <reporter-output>
  </reporter-output>
  <suite started-at="2024-06-21T11:50:33 IST" name="Suite" finished-at="2024-06-21T11:50:47 IST" duration-ms="13526">
    <groups>
    </groups>
    <test started-at="2024-06-21T11:50:33 IST" name="Test" finished-at="2024-06-21T11:50:47 IST" duration-ms="13526">
      <class name="com.jenkinstest.testdemo1">
        <test-method signature="testbrowser()[pri:0, instance:com.jenkinstest.testdemo1@20140db9]" started-at="2024-06-21T11:50:33 IST" name="testbrowser" finished-at="2024-06-21T11:50:47 IST" duration-ms="13493" status="PASS">
          <reporter-output>
          </reporter-output>
        </test-method> <!-- testbrowser -->
      </class> <!-- com.jenkinstest.testdemo1 -->
    </test> <!-- Test -->
  </suite> <!-- Suite -->
</testng-results>
